<?xml version="1.0" encoding="UTF-8"?>
<testng-results skipped="0" failed="0" total="1" passed="1">
  <reporter-output>
  </reporter-output>
  <suite name="Default suite" duration-ms="14395" started-at="2019-04-06T08:18:30Z" finished-at="2019-04-06T08:18:45Z">
    <groups>
    </groups>
    <test name="Default test" duration-ms="14395" started-at="2019-04-06T08:18:30Z" finished-at="2019-04-06T08:18:45Z">
      <class name="Tests.IconVerifyFeatures">
        <test-method status="PASS" signature="openBrowser()[pri:0, instance:Tests.IconVerifyFeatures@62ee68d8]" name="openBrowser" is-config="true" duration-ms="4407" started-at="2019-04-06T13:48:30Z" finished-at="2019-04-06T13:48:35Z">
          <reporter-output>
          </reporter-output>
        </test-method> <!-- openBrowser -->
        <test-method status="PASS" signature="testLoginSuccess()[pri:4, instance:Tests.IconVerifyFeatures@62ee68d8]" name="testLoginSuccess" duration-ms="9958" started-at="2019-04-06T13:48:35Z" finished-at="2019-04-06T13:48:45Z">
          <reporter-output>
          </reporter-output>
        </test-method> <!-- testLoginSuccess -->
        <test-method status="PASS" signature="closeBrowser()[pri:0, instance:Tests.IconVerifyFeatures@62ee68d8]" name="closeBrowser" is-config="true" duration-ms="0" started-at="2019-04-06T13:48:45Z" finished-at="2019-04-06T13:48:45Z">
          <reporter-output>
          </reporter-output>
        </test-method> <!-- closeBrowser -->
      </class> <!-- Tests.IconVerifyFeatures -->
    </test> <!-- Default test -->
  </suite> <!-- Default suite -->
</testng-results>
