<?xml version="1.0" encoding="UTF-8"?>
<testng-results skipped="0" failed="1" total="1" passed="0">
  <reporter-output>
  </reporter-output>
  <suite name="Default suite" duration-ms="30467" started-at="2019-04-05T10:11:51Z" finished-at="2019-04-05T10:12:22Z">
    <groups>
    </groups>
    <test name="Default test" duration-ms="30467" started-at="2019-04-05T10:11:51Z" finished-at="2019-04-05T10:12:22Z">
      <class name="Tests.EmployeeFeatures">
        <test-method status="PASS" signature="openBrowser()[pri:0, instance:Tests.EmployeeFeatures@62ee68d8]" name="openBrowser" is-config="true" duration-ms="4475" started-at="2019-04-05T15:41:51Z" finished-at="2019-04-05T15:41:56Z">
          <reporter-output>
          </reporter-output>
        </test-method> <!-- openBrowser -->
        <test-method status="FAIL" signature="empPlusSuccess()[pri:1, instance:Tests.EmployeeFeatures@62ee68d8]" name="empPlusSuccess" duration-ms="25969" started-at="2019-04-05T15:41:56Z" finished-at="2019-04-05T15:42:22Z">
          <exception class="junit.framework.ComparisonFailure">
            <message>
              <![CDATA[Entered email not displayed expected:<22/11/1997> but was:<null>]]>
            </message>
            <full-stacktrace>
              <![CDATA[junit.framework.ComparisonFailure: Entered email not displayed expected:<22/11/1997> but was:<null>
	at junit.framework.Assert.assertEquals(Assert.java:100)
	at junit.framework.TestCase.assertEquals(TestCase.java:261)
	at Pages.EmployeePage.enterDate(EmployeePage.java:134)
	at Tests.EmployeeFeatures.empPlusSuccess(EmployeeFeatures.java:44)
	at sun.reflect.NativeMethodAccessorImpl.invoke0(Native Method)
	at sun.reflect.NativeMethodAccessorImpl.invoke(NativeMethodAccessorImpl.java:62)
	at sun.reflect.DelegatingMethodAccessorImpl.invoke(DelegatingMethodAccessorImpl.java:43)
	at java.lang.reflect.Method.invoke(Method.java:498)
	at org.testng.internal.MethodInvocationHelper.invokeMethod(MethodInvocationHelper.java:100)
	at org.testng.internal.Invoker.invokeMethod(Invoker.java:646)
	at org.testng.internal.Invoker.invokeTestMethod(Invoker.java:811)
	at org.testng.internal.Invoker.invokeTestMethods(Invoker.java:1137)
	at org.testng.internal.TestMethodWorker.invokeTestMethods(TestMethodWorker.java:129)
	at org.testng.internal.TestMethodWorker.run(TestMethodWorker.java:112)
	at org.testng.TestRunner.privateRun(TestRunner.java:753)
	at org.testng.TestRunner.run(TestRunner.java:607)
	at org.testng.SuiteRunner.runTest(SuiteRunner.java:368)
	at org.testng.SuiteRunner.runSequentially(SuiteRunner.java:363)
	at org.testng.SuiteRunner.privateRun(SuiteRunner.java:321)
	at org.testng.SuiteRunner.run(SuiteRunner.java:270)
	at org.testng.SuiteRunnerWorker.runSuite(SuiteRunnerWorker.java:52)
	at org.testng.SuiteRunnerWorker.run(SuiteRunnerWorker.java:86)
	at org.testng.TestNG.runSuitesSequentially(TestNG.java:1284)
	at org.testng.TestNG.runSuitesLocally(TestNG.java:1209)
	at org.testng.TestNG.runSuites(TestNG.java:1124)
	at org.testng.TestNG.run(TestNG.java:1096)
	at org.testng.remote.AbstractRemoteTestNG.run(AbstractRemoteTestNG.java:132)
	at org.testng.remote.RemoteTestNG.initAndRun(RemoteTestNG.java:236)
	at org.testng.remote.RemoteTestNG.main(RemoteTestNG.java:81)
]]>
            </full-stacktrace>
          </exception> <!-- junit.framework.ComparisonFailure -->
          <reporter-output>
          </reporter-output>
        </test-method> <!-- empPlusSuccess -->
        <test-method status="PASS" signature="closeBrowser()[pri:0, instance:Tests.EmployeeFeatures@62ee68d8]" name="closeBrowser" is-config="true" duration-ms="0" started-at="2019-04-05T15:42:22Z" finished-at="2019-04-05T15:42:22Z">
          <reporter-output>
          </reporter-output>
        </test-method> <!-- closeBrowser -->
      </class> <!-- Tests.EmployeeFeatures -->
    </test> <!-- Default test -->
  </suite> <!-- Default suite -->
</testng-results>
